   V     U   S I N E
  O E O P T R C E C 
 L   C M   E        
I                   

    E          
   D 5         
  C   4        
 B     3       
A       2      
         1 Z   
          0 Y w
             X 

                    U
                   T 
                  S  
                 R   
                Q    
               P     
              O      
             N       
            M        
           L         
          K          
         J           
        I            
       H             
      G              
     F               
    E                
   D                 
  C                  
 B                   
A                    

z      
 x     
  w    
   v   
    u  
     t 
      s
